--------------Beginning crawling-----------------
2	www.lib.nus.edu.sg
80	ivle.nus.edu.sg
2	www.fas.nus.edu.sg
2	executive-education.nus.edu
0	programmes.htm
0	publications.htm
4	www.cdtl.nus.edu.sg
0	awards-grants.htm
1	executive-education.nus.edu.sg
0	projects.htm
2	exchange.nus.edu.sg
436	www.askadmissions.nus.edu.sg
0	profile.htm
51	www.nus.edu.sg
70	nus.edu.sg
42	newshub.nus.edu.sg
188	map.nus.edu.sg
2	cdtl.nus.edu.sg
8	www.spp.nus.edu.sg
62	giving.nus.edu.sg
35	coop.nus.edu.sg
25	music.nus.edu.sg
0	share.nus.edu.sg
44	www.cors.nus.edu.sg
10	wws.nus.edu.sg
1	libportal.nus.edu.sg
16	staffportal.nus.edu.sg
0	webvpn.nus.edu.sg
0	www.alum.nus.edu.sg
704	blog.nus.edu.sg
633	www.uk.sagepub.com
38	www.sg
2	172.18.166.103
98	www.contactsingapore.org.sg
80	www.mfa.gov.sg
674	www.science.nus.edu.sg
89	www.streetdirectory.com.sg
51	www.youtube.com
312	www.visitsingapore.com
2	medicine.nus.edu.sg
46	itunesu.nus.edu.sg
953	statcounter.com
79	www.streetdirectory.com
524	twitter.com
82	www.streetdirectory.com.my
610	www.facebook.com
0	www.cit.nus.edu.sg
38	campuslife.nus.edu.sg
129	www.yale-nus.edu.sg
2	inetapps.nus.edu.sg
0	null
223	vtour.nus.edu.sg
--------------Beginning crawling-----------------
